0 info it worked if it ends with ok
1 verbose cli [ 'C:\\Program Files (x86)\\nodejs\\\\node.exe',
1 verbose cli   'C:\\Program Files (x86)\\nodejs\\node_modules\\npm\\bin\\npm-cli.js',
1 verbose cli   'install',
1 verbose cli   '--save-dev' ]
2 info using npm@1.4.28
3 info using node@v0.10.33
4 verbose node symlink C:\Program Files (x86)\nodejs\\node.exe
5 verbose readDependencies using package.json deps
6 verbose install where, deps [ 'C:\\WorkBench\\OneDrive\\code\\blog.nodejs',
6 verbose install   [ 'metalsmith',
6 verbose install     'metalsmith-markdown',
6 verbose install     'metalsmith-templates',
6 verbose install     'metalsmith-collections',
6 verbose install     'metalsmith-permalinks',
6 verbose install     'metalsmith-paginate',
6 verbose install     'metalsmith-excerpt',
6 verbose install     'jade',
6 verbose install     'handlebars',
6 verbose install     'moment' ] ]
7 info preinstall DamianFlynnBlog@1.0.0
8 verbose readDependencies using package.json deps
9 verbose already installed skipping metalsmith@^1.3.0 C:\WorkBench\OneDrive\code\blog.nodejs
10 verbose already installed skipping metalsmith-markdown@^0.2.1 C:\WorkBench\OneDrive\code\blog.nodejs
11 verbose already installed skipping metalsmith-templates@^0.7.0 C:\WorkBench\OneDrive\code\blog.nodejs
12 verbose already installed skipping metalsmith-collections@^0.7.0 C:\WorkBench\OneDrive\code\blog.nodejs
13 verbose already installed skipping metalsmith-permalinks@^0.4.0 C:\WorkBench\OneDrive\code\blog.nodejs
14 verbose already installed skipping metalsmith-paginate@^0.3.0 C:\WorkBench\OneDrive\code\blog.nodejs
15 verbose cache add [ 'metalsmith-excerpt@^1.0.0', null ]
16 verbose cache add name=undefined spec="metalsmith-excerpt@^1.0.0" args=["metalsmith-excerpt@^1.0.0",null]
17 verbose parsed url { protocol: null,
17 verbose parsed url   slashes: null,
17 verbose parsed url   auth: null,
17 verbose parsed url   host: null,
17 verbose parsed url   port: null,
17 verbose parsed url   hostname: null,
17 verbose parsed url   hash: null,
17 verbose parsed url   search: null,
17 verbose parsed url   query: null,
17 verbose parsed url   pathname: 'metalsmith-excerpt@^1.0.0',
17 verbose parsed url   path: 'metalsmith-excerpt@^1.0.0',
17 verbose parsed url   href: 'metalsmith-excerpt@^1.0.0' }
18 verbose already installed skipping jade@^1.11.0 C:\WorkBench\OneDrive\code\blog.nodejs
19 verbose already installed skipping handlebars@^3.0.0 C:\WorkBench\OneDrive\code\blog.nodejs
20 verbose already installed skipping moment@^2.10.3 C:\WorkBench\OneDrive\code\blog.nodejs
21 verbose cache add name="metalsmith-excerpt" spec="^1.0.0" args=["metalsmith-excerpt","^1.0.0"]
22 verbose parsed url { protocol: null,
22 verbose parsed url   slashes: null,
22 verbose parsed url   auth: null,
22 verbose parsed url   host: null,
22 verbose parsed url   port: null,
22 verbose parsed url   hostname: null,
22 verbose parsed url   hash: null,
22 verbose parsed url   search: null,
22 verbose parsed url   query: null,
22 verbose parsed url   pathname: '^1.0.0',
22 verbose parsed url   path: '^1.0.0',
22 verbose parsed url   href: '^1.0.0' }
23 verbose addNamed [ 'metalsmith-excerpt', '^1.0.0' ]
24 verbose addNamed [ null, '>=1.0.0-0 <2.0.0-0' ]
25 silly lockFile 18a9f6f2-metalsmith-excerpt-1-0-0 metalsmith-excerpt@^1.0.0
26 verbose lock metalsmith-excerpt@^1.0.0 C:\Users\Damian Flynn\AppData\Roaming\npm-cache\18a9f6f2-metalsmith-excerpt-1-0-0.lock
27 silly addNameRange { name: 'metalsmith-excerpt',
27 silly addNameRange   range: '>=1.0.0-0 <2.0.0-0',
27 silly addNameRange   hasData: false }
28 verbose request where is /metalsmith-excerpt
29 verbose request registry https://registry.npmjs.org/
30 verbose request id 5b840b91cf354d66
31 verbose url raw /metalsmith-excerpt
32 verbose url resolving [ 'https://registry.npmjs.org/', './metalsmith-excerpt' ]
33 verbose url resolved https://registry.npmjs.org/metalsmith-excerpt
34 verbose request where is https://registry.npmjs.org/metalsmith-excerpt
35 info trying registry request attempt 1 at 16:54:14
36 http GET https://registry.npmjs.org/metalsmith-excerpt
37 http 200 https://registry.npmjs.org/metalsmith-excerpt
38 silly registry.get cb [ 200,
38 silly registry.get   { server: 'CouchDB/1.5.0 (Erlang OTP/R16B03)',
38 silly registry.get     etag: '"7O3FVI418Q7N4UX07OL9K2F5S"',
38 silly registry.get     'content-type': 'application/json',
38 silly registry.get     'cache-control': 'max-age=60',
38 silly registry.get     'content-length': '3656',
38 silly registry.get     'accept-ranges': 'bytes',
38 silly registry.get     date: 'Mon, 15 Jun 2015 15:54:15 GMT',
38 silly registry.get     via: '1.1 varnish',
38 silly registry.get     age: '0',
38 silly registry.get     connection: 'keep-alive',
38 silly registry.get     'x-served-by': 'cache-lhr6320-LHR',
38 silly registry.get     'x-cache': 'MISS',
38 silly registry.get     'x-cache-hits': '0',
38 silly registry.get     'x-timer': 'S1434383655.083083,VS0,VE181',
38 silly registry.get     vary: 'Accept' } ]
39 silly addNameRange number 2 { name: 'metalsmith-excerpt',
39 silly addNameRange   range: '>=1.0.0-0 <2.0.0-0',
39 silly addNameRange   hasData: true }
40 silly addNameRange versions [ 'metalsmith-excerpt', [ '0.0.1', '0.1.0', '0.1.1' ] ]
41 silly lockFile 18a9f6f2-metalsmith-excerpt-1-0-0 metalsmith-excerpt@^1.0.0
42 silly lockFile 18a9f6f2-metalsmith-excerpt-1-0-0 metalsmith-excerpt@^1.0.0
43 error notarget No compatible version found: metalsmith-excerpt@'>=1.0.0-0 <2.0.0-0'
43 error notarget Valid install targets:
43 error notarget ["0.0.1","0.1.0","0.1.1"]
43 error notarget
43 error notarget This is most likely not a problem with npm itself.
43 error notarget In most cases you or one of your dependencies are requesting
43 error notarget a package version that doesn't exist.
44 error System Windows_NT 6.2.9200
45 error command "C:\\Program Files (x86)\\nodejs\\\\node.exe" "C:\\Program Files (x86)\\nodejs\\node_modules\\npm\\bin\\npm-cli.js" "install" "--save-dev"
46 error cwd C:\WorkBench\OneDrive\code\blog.nodejs
47 error node -v v0.10.33
48 error npm -v 1.4.28
49 error code ETARGET
50 verbose exit [ 1, true ]
